c:\users\david\onedrive\projects\programs\note block studio\mcnbs.gmx\datafiles\data\audio.lib
c:\users\david\onedrive\projects\programs\note block studio\mcnbs.gmx\datafiles\data\audio.exp
c:\users\david\onedrive\projects\programs\note block studio\dll\audio\audio\release\main.obj
c:\users\david\onedrive\projects\programs\note block studio\dll\audio\audio\release\vc110.pdb
c:\users\david\onedrive\projects\programs\note block studio\mcnbs.gmx\datafiles\data\audio.dll
c:\users\david\onedrive\projects\programs\note block studio\mcnbs.gmx\datafiles\data\audio.pdb
d:\onedrive\projects\minecraft\note block studio\source\datafiles\data\audio.lib
d:\onedrive\projects\minecraft\note block studio\source\datafiles\data\audio.exp
d:\onedrive\projects\minecraft\note block studio\dll\audio\audio\release\vc140.pdb
d:\onedrive\projects\minecraft\note block studio\dll\audio\audio\release\main.obj
d:\onedrive\projects\minecraft\note block studio\source\datafiles\data\audio.dll
d:\onedrive\projects\minecraft\note block studio\source\datafiles\data\audio.ipdb
d:\onedrive\projects\minecraft\note block studio\source\datafiles\data\audio.iobj
d:\onedrive\projects\minecraft\note block studio\source\datafiles\data\audio.pdb
d:\onedrive\projects\minecraft\note block studio\dll\audio\audio\release\audio.write.1.tlog
d:\onedrive\projects\minecraft\note block studio\dll\audio\audio\release\cl.command.1.tlog
d:\onedrive\projects\minecraft\note block studio\dll\audio\audio\release\cl.read.1.tlog
d:\onedrive\projects\minecraft\note block studio\dll\audio\audio\release\cl.write.1.tlog
d:\onedrive\projects\minecraft\note block studio\dll\audio\audio\release\link-cvtres.read.1.tlog
d:\onedrive\projects\minecraft\note block studio\dll\audio\audio\release\link-cvtres.write.1.tlog
d:\onedrive\projects\minecraft\note block studio\dll\audio\audio\release\link-rc.read.1.tlog
d:\onedrive\projects\minecraft\note block studio\dll\audio\audio\release\link-rc.write.1.tlog
d:\onedrive\projects\minecraft\note block studio\dll\audio\audio\release\link.command.1.tlog
d:\onedrive\projects\minecraft\note block studio\dll\audio\audio\release\link.read.1.tlog
d:\onedrive\projects\minecraft\note block studio\dll\audio\audio\release\link.write.1.tlog
d:\onedrive\projects\minecraft\note block studio\dll\audio\audio\release\vc110.pdb
d:\onedrive\projects\minecraft\note block studio\dll\audio\audio\release\vc120.pdb
d:\onedrive\projects\minecraft\note block studio\dll\audio\audio\..\..\..\source\datafiles\data\audio.dll
d:\onedrive\projects\minecraft\note block studio\dll\audio\audio\release\audio.tlog\audio.write.1u.tlog
d:\onedrive\projects\minecraft\note block studio\dll\audio\audio\release\audio.tlog\cl.command.1.tlog
d:\onedrive\projects\minecraft\note block studio\dll\audio\audio\release\audio.tlog\cl.read.1.tlog
d:\onedrive\projects\minecraft\note block studio\dll\audio\audio\release\audio.tlog\cl.write.1.tlog
d:\onedrive\projects\minecraft\note block studio\dll\audio\audio\release\audio.tlog\link.command.1.tlog
d:\onedrive\projects\minecraft\note block studio\dll\audio\audio\release\audio.tlog\link.read.1.tlog
d:\onedrive\projects\minecraft\note block studio\dll\audio\audio\release\audio.tlog\link.write.1.tlog
